#
# There is insufficient memory for the Java Runtime Environment to continue.
# Native memory allocation (malloc) failed to allocate 95056 bytes for Chunk::new
# Possible reasons:
#   The system is out of physical RAM or swap space
#   In 32 bit mode, the process size limit was hit
# Possible solutions:
#   Reduce memory load on the system
#   Increase physical memory or swap space
#   Check if swap backing store is full
#   Use 64 bit Java on a 64 bit OS
#   Decrease Java heap size (-Xmx/-Xms)
#   Decrease number of Java threads
#   Decrease Java thread stack sizes (-Xss)
#   Set larger code cache with -XX:ReservedCodeCacheSize=
# This output file may be truncated or incomplete.
#
#  Out of Memory Error (allocation.cpp:390), pid=12696, tid=0x0000000000005300
#
# JRE version: OpenJDK Runtime Environment (8.0) (build 1.8.0-adoptopenjdk-_2018_05_19_00_59-b00)
# Java VM: OpenJDK 64-Bit Server VM (25.71-b00 mixed mode windows-amd64 compressed oops)
# Failed to write core dump. Minidumps are not enabled by default on client versions of Windows
#

---------------  T H R E A D  ---------------

Current thread (0x000000001bbb5800):  JavaThread "C2 CompilerThread1" daemon [_thread_in_native, id=21248, stack(0x000000001d340000,0x000000001d440000)]

Stack: [0x000000001d340000,0x000000001d440000]
[error occurred during error reporting (printing stack bounds), id 0xc0000005]

Native frames: (J=compiled Java code, j=interpreted, Vv=VM code, C=native code)


Current CompileTask:
C2:  11860 1249       4       java.util.regex.Pattern$Curly::match (86 bytes)


---------------  P R O C E S S  ---------------

Java Threads: ( => current thread )
  0x000000001d46b000 JavaThread "Service Thread" daemon [_thread_blocked, id=768, stack(0x000000001d940000,0x000000001da40000)]
  0x000000001bc0d000 JavaThread "C1 CompilerThread2" daemon [_thread_blocked, id=21216, stack(0x000000001d840000,0x000000001d940000)]
=>0x000000001bbb5800 JavaThread "C2 CompilerThread1" daemon [_thread_in_native, id=21248, stack(0x000000001d340000,0x000000001d440000)]
  0x000000001bbae800 JavaThread "C2 CompilerThread0" daemon [_thread_in_native, id=21400, stack(0x000000001d240000,0x000000001d340000)]
  0x000000001bbbe800 JavaThread "Attach Listener" daemon [_thread_blocked, id=19288, stack(0x000000001d140000,0x000000001d240000)]
  0x000000001bbbd000 JavaThread "Signal Dispatcher" daemon [_thread_blocked, id=16648, stack(0x000000001d040000,0x000000001d140000)]
  0x000000001bb9d000 JavaThread "Finalizer" daemon [_thread_blocked, id=14032, stack(0x000000001ce20000,0x000000001cf20000)]
  0x0000000002e96800 JavaThread "Reference Handler" daemon [_thread_blocked, id=24588, stack(0x000000001cd20000,0x000000001ce20000)]
  0x0000000002da5800 JavaThread "main" [_thread_in_Java, id=8052, stack(0x0000000002c80000,0x0000000002d80000)]

Other Threads:
  0x000000001bb75800 VMThread [stack: 0x000000001cc20000,0x000000001cd20000] [id=24524]
  0x000000001d46c000 WatcherThread [stack: 0x000000001da40000,0x000000001db40000] [id=15804]

VM state:not at safepoint (normal execution)

VM Mutex/Monitor currently owned by a thread:  ([mutex/lock_event])
[0x0000000002da3960] Compile_lock - owner thread: 0x0000000000000000

Heap:
 PSYoungGen      total 71680K, used 44272K [0x0000000770380000, 0x0000000775380000, 0x00000007c0000000)
  eden space 61440K, 72% used [0x0000000770380000,0x0000000772ebc188,0x0000000773f80000)
  from space 10240K, 0% used [0x0000000774980000,0x0000000774980000,0x0000000775380000)
  to   space 10240K, 0% used [0x0000000773f80000,0x0000000773f80000,0x0000000774980000)
 ParOldGen       total 163840K, used 0K [0x00000006d0a00000, 0x00000006daa00000, 0x0000000770380000)
  object space 163840K, 0% used [0x00000006d0a00000,0x00000006d0a00000,0x00000006daa00000)
 Metaspace       used 12552K, capacity 12864K, committed 13184K, reserved 1062912K
  class space    used 1501K, capacity 1602K, committed 1664K, reserved 1048576K

Card table byte_map: [0x0000000012260000,0x00000000129e0000] byte_map_base: 0x000000000ebdb000

Marking Bits: (ParMarkBitMap*) 0x000000007707be50
 Begin Bits: [0x00000000132e0000, 0x0000000016eb8000)
 End Bits:   [0x0000000016eb8000, 0x000000001aa90000)

Polling page: 0x0000000001540000

CodeCache: size=245760Kb used=4299Kb max_used=4299Kb free=241460Kb
 bounds [0x0000000002ea0000, 0x00000000032e0000, 0x0000000011ea0000]
 total_blobs=1606 nmethods=1250 adapters=270
 compilation: enabled

Compilation events (10 events):
Event: 11.848 Thread 0x000000001bbb5800 1248       4       java.util.regex.Pattern$Start::match (90 bytes)
Event: 11.850 Thread 0x000000001bbb5800 nmethod 1248 0x00000000032c9fd0 code [0x00000000032ca120, 0x00000000032ca298]
Event: 11.850 Thread 0x000000001bbb5800 1249       4       java.util.regex.Pattern$Curly::match (86 bytes)
Event: 11.850 Thread 0x000000001bbae800 nmethod 1247 0x00000000032cb5d0 code [0x00000000032cb720, 0x00000000032cb9d8]
Event: 11.850 Thread 0x000000001bbae800 1244       4       java.util.regex.Matcher::appendReplacement (571 bytes)
Event: 11.854 Thread 0x000000001bc0d000 1256       3       com.sun.org.apache.xerces.internal.util.XMLAttributesImpl::getURI (29 bytes)
Event: 11.854 Thread 0x000000001bc0d000 nmethod 1256 0x00000000032cb110 code [0x00000000032cb280, 0x00000000032cb4b0]
Event: 11.854 Thread 0x000000001bc0d000 1257       3       com.sun.org.apache.xerces.internal.util.XMLAttributesImpl::getLocalName (37 bytes)
Event: 11.854 Thread 0x000000001bc0d000 nmethod 1257 0x00000000032cac10 code [0x00000000032cad80, 0x00000000032caff0]
Event: 11.855 Thread 0x000000001bc0d000 1258       3       com.sun.org.apache.xerces.internal.impl.XMLScanner::scanAttributeValue (991 bytes)

GC Heap History (0 events):
No events

Deoptimization events (10 events):
Event: 11.811 Thread 0x0000000002da5800 Uncommon trap: reason=class_check action=maybe_recompile pc=0x00000000032a5e10 method=java.util.regex.Pattern$Curly.match(Ljava/util/regex/Matcher;ILjava/lang/CharSequence;)Z @ 19
Event: 11.811 Thread 0x0000000002da5800 Uncommon trap: reason=bimorphic action=maybe_recompile pc=0x00000000032a277c method=java.util.regex.Pattern$GroupHead.match(Ljava/util/regex/Matcher;ILjava/lang/CharSequence;)Z @ 28
Event: 11.811 Thread 0x0000000002da5800 Uncommon trap: reason=class_check action=maybe_recompile pc=0x00000000032a5ed4 method=java.util.regex.Pattern$Curly.match0(Ljava/util/regex/Matcher;IILjava/lang/CharSequence;)Z @ 170
Event: 11.811 Thread 0x0000000002da5800 Uncommon trap: reason=bimorphic action=maybe_recompile pc=0x00000000032a277c method=java.util.regex.Pattern$GroupHead.match(Ljava/util/regex/Matcher;ILjava/lang/CharSequence;)Z @ 28
Event: 11.811 Thread 0x0000000002da5800 Uncommon trap: reason=class_check action=maybe_recompile pc=0x00000000032a5e10 method=java.util.regex.Pattern$Curly.match(Ljava/util/regex/Matcher;ILjava/lang/CharSequence;)Z @ 19
Event: 11.811 Thread 0x0000000002da5800 Uncommon trap: reason=bimorphic action=maybe_recompile pc=0x00000000032a277c method=java.util.regex.Pattern$GroupHead.match(Ljava/util/regex/Matcher;ILjava/lang/CharSequence;)Z @ 28
Event: 11.811 Thread 0x0000000002da5800 Uncommon trap: reason=class_check action=maybe_recompile pc=0x00000000032a5e10 method=java.util.regex.Pattern$Curly.match(Ljava/util/regex/Matcher;ILjava/lang/CharSequence;)Z @ 19
Event: 11.811 Thread 0x0000000002da5800 Uncommon trap: reason=class_check action=maybe_recompile pc=0x00000000032a5ed4 method=java.util.regex.Pattern$Curly.match0(Ljava/util/regex/Matcher;IILjava/lang/CharSequence;)Z @ 170
Event: 11.811 Thread 0x0000000002da5800 Uncommon trap: reason=class_check action=maybe_recompile pc=0x00000000032a5e10 method=java.util.regex.Pattern$Curly.match(Ljava/util/regex/Matcher;ILjava/lang/CharSequence;)Z @ 19
Event: 11.816 Thread 0x0000000002da5800 Uncommon trap: reason=unstable_if action=reinterpret pc=0x00000000032991a8 method=java.util.regex.Pattern$Start.match(Ljava/util/regex/Matcher;ILjava/lang/CharSequence;)Z @ 10

Classes redefined (0 events):
No events

Internal exceptions (10 events):
Event: 9.392 Thread 0x0000000002da5800 Exception <a 'java/lang/ClassNotFoundException': com/sun/org/glassfish/hk2/osgiresourcelocator/ServiceLoader> (0x0000000772474208) thrown at [C:\Users\jenkins\workspace\openjdk8_build_x86-64_windows\openjdk\hotspot\src\share\vm\classfile\systemDictionary.
Event: 9.526 Thread 0x0000000002da5800 Exception <a 'java/lang/NullPointerException'> (0x000000077248c810) thrown at [C:\Users\jenkins\workspace\openjdk8_build_x86-64_windows\openjdk\hotspot\src\share\vm\interpreter\linkResolver.cpp, line 1287]
Event: 9.736 Thread 0x0000000002da5800 Exception <a 'java/lang/ArrayIndexOutOfBoundsException'> (0x000000077253f9d0) thrown at [C:\Users\jenkins\workspace\openjdk8_build_x86-64_windows\openjdk\hotspot\src\share\vm\runtime\sharedRuntime.cpp, line 605]
Event: 9.736 Thread 0x0000000002da5800 Exception <a 'java/lang/ArrayIndexOutOfBoundsException'> (0x0000000772540f88) thrown at [C:\Users\jenkins\workspace\openjdk8_build_x86-64_windows\openjdk\hotspot\src\share\vm\runtime\sharedRuntime.cpp, line 605]
Event: 9.755 Thread 0x0000000002da5800 Exception <a 'java/lang/ArrayIndexOutOfBoundsException'> (0x0000000772542c68) thrown at [C:\Users\jenkins\workspace\openjdk8_build_x86-64_windows\openjdk\hotspot\src\share\vm\runtime\sharedRuntime.cpp, line 605]
Event: 9.762 Thread 0x0000000002da5800 Exception <a 'java/lang/ArrayIndexOutOfBoundsException': 85> (0x00000007725625b0) thrown at [C:\Users\jenkins\workspace\openjdk8_build_x86-64_windows\openjdk\hotspot\src\share\vm\interpreter\interpreterRuntime.cpp, line 366]
Event: 10.330 Thread 0x0000000002da5800 Implicit null exception at 0x00000000030dcf96 to 0x00000000030dd30d
Event: 11.034 Thread 0x0000000002da5800 Implicit null exception at 0x000000000311a67c to 0x000000000311a709
Event: 11.218 Thread 0x0000000002da5800 Implicit null exception at 0x00000000030d06d4 to 0x00000000030d0a75
Event: 11.610 Thread 0x0000000002da5800 Implicit null exception at 0x0000000003108d34 to 0x0000000003108da9

Events (10 events):
Event: 11.811 Thread 0x0000000002da5800 Uncommon trap: trap_request=0xffffffde fr.pc=0x00000000032a5e10
Event: 11.811 Thread 0x0000000002da5800 DEOPT PACKING pc=0x00000000032a5e10 sp=0x0000000002d7e330
Event: 11.811 Thread 0x0000000002da5800 DEOPT UNPACKING pc=0x0000000002ee557b sp=0x0000000002d7e308 mode 2
Event: 11.815 loading class java/util/ArrayList$ListItr
Event: 11.815 loading class java/util/ArrayList$ListItr done
Event: 11.816 Executing VM operation: Deoptimize
Event: 11.816 Executing VM operation: Deoptimize done
Event: 11.816 Thread 0x0000000002da5800 Uncommon trap: trap_request=0xffffff65 fr.pc=0x00000000032991a8
Event: 11.816 Thread 0x0000000002da5800 DEOPT PACKING pc=0x00000000032991a8 sp=0x0000000002d7eaa0
Event: 11.816 Thread 0x0000000002da5800 DEOPT UNPACKING pc=0x0000000002ee557b sp=0x0000000002d7ea48 mode 2


Dynamic libraries:
0x00007ff611010000 - 0x00007ff611045000 	D:\Unity3D\Unity3D\2020.1.8f1\Editor\Data\PlaybackEngines\AndroidPlayer\OpenJDK\bin\java.exe
0x00007ffb7ae70000 - 0x00007ffb7b066000 	C:\WINDOWS\SYSTEM32\ntdll.dll
0x00007ffb7a630000 - 0x00007ffb7a6ed000 	C:\WINDOWS\System32\KERNEL32.DLL
0x00007ffb787e0000 - 0x00007ffb78aa8000 	C:\WINDOWS\System32\KERNELBASE.dll
0x00007ffb79630000 - 0x00007ffb796dc000 	C:\WINDOWS\System32\ADVAPI32.dll
0x00007ffb792b0000 - 0x00007ffb7934e000 	C:\WINDOWS\System32\msvcrt.dll
0x00007ffb79000000 - 0x00007ffb7909b000 	C:\WINDOWS\System32\sechost.dll
0x00007ffb78ed0000 - 0x00007ffb78ff4000 	C:\WINDOWS\System32\RPCRT4.dll
0x00007ffb79490000 - 0x00007ffb79630000 	C:\WINDOWS\System32\USER32.dll
0x00007ffb78c60000 - 0x00007ffb78c82000 	C:\WINDOWS\System32\win32u.dll
0x00007ffb790b0000 - 0x00007ffb790da000 	C:\WINDOWS\System32\GDI32.dll
0x00007ffb78d40000 - 0x00007ffb78e49000 	C:\WINDOWS\System32\gdi32full.dll
0x00007ffb78740000 - 0x00007ffb787dd000 	C:\WINDOWS\System32\msvcp_win.dll
0x00007ffb78b60000 - 0x00007ffb78c60000 	C:\WINDOWS\System32\ucrtbase.dll
0x00007ffb5f600000 - 0x00007ffb5f89b000 	C:\WINDOWS\WinSxS\amd64_microsoft.windows.common-controls_6595b64144ccf1df_6.0.19041.488_none_ca04af081b815d21\COMCTL32.dll
0x00007ffb7a9e0000 - 0x00007ffb7aa10000 	C:\WINDOWS\System32\IMM32.DLL
0x0000000077100000 - 0x00000000771d2000 	D:\Unity3D\Unity3D\2020.1.8f1\Editor\Data\PlaybackEngines\AndroidPlayer\OpenJDK\jre\bin\msvcr100.dll
0x00000000768b0000 - 0x00000000770f9000 	D:\Unity3D\Unity3D\2020.1.8f1\Editor\Data\PlaybackEngines\AndroidPlayer\OpenJDK\jre\bin\server\jvm.dll
0x00007ffb7a8a0000 - 0x00007ffb7a8a8000 	C:\WINDOWS\System32\PSAPI.DLL
0x00007ffb5f3d0000 - 0x00007ffb5f3f7000 	C:\WINDOWS\SYSTEM32\WINMM.dll
0x00007ffb728d0000 - 0x00007ffb728d9000 	C:\WINDOWS\SYSTEM32\WSOCK32.dll
0x00007ffb71ad0000 - 0x00007ffb71ada000 	C:\WINDOWS\SYSTEM32\VERSION.dll
0x00007ffb79b50000 - 0x00007ffb79bbb000 	C:\WINDOWS\System32\WS2_32.dll
0x00007ffb60db0000 - 0x00007ffb60dbf000 	D:\Unity3D\Unity3D\2020.1.8f1\Editor\Data\PlaybackEngines\AndroidPlayer\OpenJDK\jre\bin\verify.dll
0x00007ffb44b00000 - 0x00007ffb44b29000 	D:\Unity3D\Unity3D\2020.1.8f1\Editor\Data\PlaybackEngines\AndroidPlayer\OpenJDK\jre\bin\java.dll
0x00007ffb3d660000 - 0x00007ffb3d676000 	D:\Unity3D\Unity3D\2020.1.8f1\Editor\Data\PlaybackEngines\AndroidPlayer\OpenJDK\jre\bin\zip.dll
0x00007ffb79ee0000 - 0x00007ffb7a621000 	C:\WINDOWS\System32\SHELL32.dll
0x00007ffb76720000 - 0x00007ffb76eb5000 	C:\WINDOWS\SYSTEM32\windows.storage.dll
0x00007ffb7aa70000 - 0x00007ffb7adc5000 	C:\WINDOWS\System32\combase.dll
0x00007ffb77f50000 - 0x00007ffb77f7c000 	C:\WINDOWS\SYSTEM32\Wldp.dll
0x00007ffb79c40000 - 0x00007ffb79cee000 	C:\WINDOWS\System32\SHCORE.dll
0x00007ffb7aa10000 - 0x00007ffb7aa65000 	C:\WINDOWS\System32\shlwapi.dll
0x00007ffb784e0000 - 0x00007ffb78506000 	C:\WINDOWS\SYSTEM32\profapi.dll
0x00007ffb34160000 - 0x00007ffb3417a000 	D:\Unity3D\Unity3D\2020.1.8f1\Editor\Data\PlaybackEngines\AndroidPlayer\OpenJDK\jre\bin\net.dll
0x00007ffb77cd0000 - 0x00007ffb77d3a000 	C:\WINDOWS\system32\mswsock.dll
0x00007ffb33670000 - 0x00007ffb33681000 	D:\Unity3D\Unity3D\2020.1.8f1\Editor\Data\PlaybackEngines\AndroidPlayer\OpenJDK\jre\bin\nio.dll

VM Arguments:
jvm_args: -Dfile.encoding=UTF-8 -Dcom.android.sdklib.toolsdir=D:\Android\SDK\tools\bin\\.. 
java_command: com.android.sdklib.tool.sdkmanager.SdkManagerCli --list
java_class_path (initial): D:\Android\SDK\tools\bin\..\lib\dvlib-26.0.0-dev.jar;D:\Android\SDK\tools\bin\..\lib\jimfs-1.1.jar;D:\Android\SDK\tools\bin\..\lib\jsr305-1.3.9.jar;D:\Android\SDK\tools\bin\..\lib\repository-26.0.0-dev.jar;D:\Android\SDK\tools\bin\..\lib\j2objc-annotations-1.1.jar;D:\Android\SDK\tools\bin\..\lib\layoutlib-api-26.0.0-dev.jar;D:\Android\SDK\tools\bin\..\lib\gson-2.3.jar;D:\Android\SDK\tools\bin\..\lib\httpcore-4.2.5.jar;D:\Android\SDK\tools\bin\..\lib\commons-logging-1.1.1.jar;D:\Android\SDK\tools\bin\..\lib\commons-compress-1.12.jar;D:\Android\SDK\tools\bin\..\lib\annotations-26.0.0-dev.jar;D:\Android\SDK\tools\bin\..\lib\error_prone_annotations-2.0.18.jar;D:\Android\SDK\tools\bin\..\lib\animal-sniffer-annotations-1.14.jar;D:\Android\SDK\tools\bin\..\lib\httpclient-4.2.6.jar;D:\Android\SDK\tools\bin\..\lib\commons-codec-1.6.jar;D:\Android\SDK\tools\bin\..\lib\common-26.0.0-dev.jar;D:\Android\SDK\tools\bin\..\lib\kxml2-2.3.0.jar;D:\Android\SDK\tools\bin\..\lib\httpmime-4.1.jar;D:\Android\SDK\tools\bin\..\lib\annotations-12.0.jar;D:\Android\SDK\tools\bin\..\lib\sdklib-26.0.0-dev.jar;D:\Android\SDK\tools\bin\..\lib\guava-22.0.jar
Launcher Type: SUN_STANDARD

Environment Variables:
JAVA_HOME=D:\Unity3D\Unity3D\2020.1.8f1\Editor\Data\PlaybackEngines\AndroidPlayer\OpenJDK
JAVA_TOOL_OPTIONS=-Dfile.encoding=UTF-8
CLASSPATH=D:\Android\SDK\tools\bin\..\lib\dvlib-26.0.0-dev.jar;D:\Android\SDK\tools\bin\..\lib\jimfs-1.1.jar;D:\Android\SDK\tools\bin\..\lib\jsr305-1.3.9.jar;D:\Android\SDK\tools\bin\..\lib\repository-26.0.0-dev.jar;D:\Android\SDK\tools\bin\..\lib\j2objc-annotations-1.1.jar;D:\Android\SDK\tools\bin\..\lib\layoutlib-api-26.0.0-dev.jar;D:\Android\SDK\tools\bin\..\lib\gson-2.3.jar;D:\Android\SDK\tools\bin\..\lib\httpcore-4.2.5.jar;D:\Android\SDK\tools\bin\..\lib\commons-logging-1.1.1.jar;D:\Android\SDK\tools\bin\..\lib\commons-compress-1.12.jar;D:\Android\SDK\tools\bin\..\lib\annotations-26.0.0-dev.jar;D:\Android\SDK\tools\bin\..\lib\error_prone_annotations-2.0.18.jar;D:\Android\SDK\tools\bin\..\lib\animal-sniffer-annotations-1.14.jar;D:\Android\SDK\tools\bin\..\lib\httpclient-4.2.6.jar;D:\Android\SDK\tools\bin\..\lib\commons-codec-1.6.jar;D:\Android\SDK\tools\bin\..\lib\common-26.0.0-dev.jar;D:\Android\SDK\tools\bin\..\lib\kxml2-2.3.0.jar;D:\Android\SDK\tools\bin\..\lib\httpmime-4.1.jar;D:\Android\SDK\tools\bin\..\lib\annotations-12.0.jar;D:\Android\SDK\tools\bin\..\lib\sdklib-26.0.0-dev.jar;D:\Android\SDK\tools\bin\..\lib\guava-22.0.jar
USERNAME=user
OS=Windows_NT
PROCESSOR_IDENTIFIER=AMD64 Family 21 Model 56 Stepping 1, AuthenticAMD



---------------  S Y S T E M  ---------------

OS: Windows 10.0 , 64 bit Build 19041 (10.0.19041.546)

CPU:total 4 (initial active 4) (4 cores per cpu, 1 threads per core) family 21 model 56 stepping 1, cmov, cx8, fxsr, mmx, sse, sse2, sse3, ssse3, sse4.1, sse4.2, popcnt, avx, aes, clmul, mmxext, 3dnowpref, lzcnt, sse4a, tsc, tscinvbit, tscinv, bmi1

Memory: 4k page, physical 15685272k(3242344k free), swap 21657240k(2524k free)

vm_info: OpenJDK 64-Bit Server VM (25.71-b00) for windows-amd64 JRE (1.8.0-adoptopenjdk-_2018_05_19_00_59-b00), built on May 19 2018 01:02:12 by "jenkins" with MS VC++ 10.0 (VS2010)

time: Mon Dec 07 14:35:29 2020
elapsed time: 11 seconds (0d 0h 0m 11s)

